Arguments: 
  D:\SW\NodeJS\INSTALL\node.exe C:\Users\Jill\AppData\Roaming\npm\node_modules\yarn\bin\yarn.js add -D @types/swagger-ui-docs

PATH: 
  D:\SW\GIT-SCM\INSTALL\Git\mingw64\bin;D:\SW\GIT-SCM\INSTALL\Git\usr\bin;C:\Users\Jill\bin;C:\windows\system32;C:\windows;C:\windows\System32\Wbem;C:\windows\System32\WindowsPowerShell\v1.0;C:\Program Files (x86)\NVIDIA Corporation\PhysX\Common;C:\Program Files\Microsoft VS Code\bin;C:\WINDOWS\system32;C:\WINDOWS;C:\WINDOWS\System32\Wbem;C:\WINDOWS\System32\WindowsPowerShell\v1.0;C:\WINDOWS\System32\OpenSSH;C:\Program Files\Intel\WiFi\bin;C:\Program Files\Common Files\Intel\WirelessCommon;C:\Program Files\Java\jdk-12.0.1\bin;C:\Program Files\Microsoft SQL Server\Client SDK\ODBC\130\Tools\Binn;C:\Program Files (x86)\Microsoft SQL Server\140\Tools\Binn;C:\Program Files\Microsoft SQL Server\140\Tools\Binn;C:\Program Files\Microsoft SQL Server\140\DTS\Binn;C:\Program Files\Microsoft SQL Server\130\Tools\Binn;C:\Program Files\Microsoft SQL Server\Client SDK\ODBC\170\Tools\Binn;C:\Program Files\Java\jdk-12.0.1;C:\Program Files\MongoDB\Server\4.4\bin;D:\SW\MinGW\INSTALL\bin;D:\SW\NodeJS\INSTALL;D:\SW\GIT-SCM\INSTALL\Git\cmd;C:\xampp\php;F:\SW\GO\install\bin;D:\SW\PYTHONS\INSTALL\Scripts;D:\SW\PYTHONS\INSTALL;C:\Users\Jill\AppData\Local\Microsoft\WindowsApps;C:\Users\Jill\AppData\Local\Microsoft\WindowsApps;D:\SW\INTELLIJ IDEA INSTALL\IntelliJ IDEA Community Edition 2019.2.3\bin;C:\Users\Jill\AppData\Local\Android\Sdk\platform-tools;C:\Users\Jill\AppData\Local\Android\Sdk\tools;C:\Users\Jill\AppData\Local\Programs\Microsoft VS Code\bin;C:\Users\Jill\AppData\Roaming\npm;D:\SW\HEROKU\CLI\INSTALL\heroku\bin;C:\Users\Jill\go\bin

Yarn version: 
  1.22.10

Node version: 
  14.15.4

Platform: 
  win32 x64

Trace: 
  Error: https://registry.yarnpkg.com/@types%2fswagger-ui-docs: Not found
      at Request.params.callback [as _callback] (C:\Users\Jill\AppData\Roaming\npm\node_modules\yarn\lib\cli.js:66988:18)
      at Request.self.callback (C:\Users\Jill\AppData\Roaming\npm\node_modules\yarn\lib\cli.js:140662:22)
      at Request.emit (events.js:315:20)
      at Request.<anonymous> (C:\Users\Jill\AppData\Roaming\npm\node_modules\yarn\lib\cli.js:141634:10)
      at Request.emit (events.js:315:20)
      at IncomingMessage.<anonymous> (C:\Users\Jill\AppData\Roaming\npm\node_modules\yarn\lib\cli.js:141556:12)
      at Object.onceWrapper (events.js:421:28)
      at IncomingMessage.emit (events.js:327:22)
      at endReadableNT (internal/streams/readable.js:1327:12)
      at processTicksAndRejections (internal/process/task_queues.js:80:21)

npm manifest: 
  {
    "devDependencies": {
      "@types/swagger-jsdoc": "^6.0.1"
    }
  }

yarn manifest: 
  No manifest

Lockfile: 
  # THIS IS AN AUTOGENERATED FILE. DO NOT EDIT THIS FILE DIRECTLY.
  # yarn lockfile v1
  
  
  "@types/swagger-jsdoc@^6.0.1":
    version "6.0.1"
    resolved "https://registry.yarnpkg.com/@types/swagger-jsdoc/-/swagger-jsdoc-6.0.1.tgz#94a99aca0356cb64ad2a6eb903ed034703453801"
    integrity sha512-+MUpcbyxD528dECUBCEVm6abNuORdbuGjbrUdHDeAQ+rkPuo2a+L4N02WJHF3bonSSE6SJ3dUJwF2V6+cHnf0w==
